# JRE version: OpenJDK Runtime Environment (17.0.18+8) (build 17.0.18+8-Ubuntu-124.04.1)
# Java VM: OpenJDK 64-Bit Server VM (17.0.18+8-Ubuntu-124.04.1, mixed mode, sharing, tiered, compressed oops, compressed class ptrs, g1 gc, linux-amd64)
GC Precious Log:
 CPUs: 4 total, 4 available
 Memory: 7851M
 Large Page Support: Disabled
 NUMA Support: Disabled
 Compressed Oops: Enabled (32-bit)
 Heap Region Size: 1M
 Heap Min Capacity: 8M
 Heap Initial Capacity: 124M
 Heap Max Capacity: 2G
 Pre-touch: Disabled
 Parallel Workers: 4
 Concurrent Workers: 1
 Concurrent Refinement Workers: 4
 Periodic GC: Disabled
Heap:
 garbage-first heap   total 432128K, used 263938K [0x0000000080000000, 0x0000000100000000)
  region size 1024K, 17 young (17408K), 10 survivors (10240K)
 Metaspace       used 121966K, committed 123840K, reserved 557056K
  class space    used 16770K, committed 17728K, reserved 425984K
GC Heap History (20 events):
Event: 29.892 GC heap before
{Heap before GC invocations=37 (full 0):
 garbage-first heap   total 362496K, used 287104K [0x0000000080000000, 0x0000000100000000)
  region size 1024K, 165 young (168960K), 23 survivors (23552K)
 Metaspace       used 109670K, committed 111296K, reserved 557056K
  class space    used 15336K, committed 16128K, reserved 425984K
}
Event: 29.939 GC heap after
{Heap after GC invocations=38 (full 0):
 garbage-first heap   total 362496K, used 152763K [0x0000000080000000, 0x0000000100000000)
  region size 1024K, 17 young (17408K), 17 survivors (17408K)
 Metaspace       used 109670K, committed 111296K, reserved 557056K
  class space    used 15336K, committed 16128K, reserved 425984K
}
Event: 31.110 GC heap before
{Heap before GC invocations=38 (full 0):
 garbage-first heap   total 362496K, used 288955K [0x0000000080000000, 0x0000000100000000)
  region size 1024K, 147 young (150528K), 17 survivors (17408K)
 Metaspace       used 109962K, committed 111552K, reserved 557056K
  class space    used 15366K, committed 16128K, reserved 425984K
}
Event: 31.154 GC heap after
{Heap after GC invocations=39 (full 0):
 garbage-first heap   total 362496K, used 164276K [0x0000000080000000, 0x0000000100000000)
  region size 1024K, 11 young (11264K), 11 survivors (11264K)
 Metaspace       used 109962K, committed 111552K, reserved 557056K
  class space    used 15366K, committed 16128K, reserved 425984K
}
Event: 32.669 GC heap before
{Heap before GC invocations=39 (full 0):
 garbage-first heap   total 362496K, used 289204K [0x0000000080000000, 0x0000000100000000)
  region size 1024K, 134 young (137216K), 11 survivors (11264K)
 Metaspace       used 110816K, committed 112512K, reserved 557056K
  class space    used 15471K, committed 16320K, reserved 425984K
}
Event: 32.710 GC heap after
{Heap after GC invocations=40 (full 0):
 garbage-first heap   total 362496K, used 177076K [0x0000000080000000, 0x0000000100000000)
  region size 1024K, 15 young (15360K), 15 survivors (15360K)
 Metaspace       used 110816K, committed 112512K, reserved 557056K
  class space    used 15471K, committed 16320K, reserved 425984K
}
Event: 33.878 GC heap before
{Heap before GC invocations=40 (full 0):
 garbage-first heap   total 362496K, used 294836K [0x0000000080000000, 0x0000000100000000)
  region size 1024K, 126 young (129024K), 15 survivors (15360K)
 Metaspace       used 111152K, committed 112896K, reserved 557056K
  class space    used 15510K, committed 16384K, reserved 425984K
}
Event: 33.908 GC heap after
{Heap after GC invocations=41 (full 0):
 garbage-first heap   total 362496K, used 193859K [0x0000000080000000, 0x0000000100000000)
  region size 1024K, 16 young (16384K), 16 survivors (16384K)
 Metaspace       used 111152K, committed 112896K, reserved 557056K
  class space    used 15510K, committed 16384K, reserved 425984K
}
Event: 34.381 GC heap before
{Heap before GC invocations=41 (full 0):
 garbage-first heap   total 362496K, used 287043K [0x0000000080000000, 0x0000000100000000)
  region size 1024K, 108 young (110592K), 16 survivors (16384K)
 Metaspace       used 111160K, committed 112960K, reserved 557056K
  class space    used 15510K, committed 16384K, reserved 425984K
}
Event: 34.401 GC heap after
{Heap after GC invocations=42 (full 0):
 garbage-first heap   total 362496K, used 197044K [0x0000000080000000, 0x0000000100000000)
  region size 1024K, 5 young (5120K), 5 survivors (5120K)
 Metaspace       used 111160K, committed 112960K, reserved 557056K
  class space    used 15510K, committed 16384K, reserved 425984K
}
Event: 35.351 GC heap before
{Heap before GC invocations=42 (full 0):
 garbage-first heap   total 362496K, used 296372K [0x0000000080000000, 0x0000000100000000)
  region size 1024K, 99 young (101376K), 5 survivors (5120K)
 Metaspace       used 111466K, committed 113280K, reserved 557056K
  class space    used 15548K, committed 16448K, reserved 425984K
}
Event: 35.377 GC heap after
{Heap after GC invocations=43 (full 0):
 garbage-first heap   total 362496K, used 209826K [0x0000000080000000, 0x0000000100000000)
  region size 1024K, 13 young (13312K), 13 survivors (13312K)
 Metaspace       used 111466K, committed 113280K, reserved 557056K
  class space    used 15548K, committed 16448K, reserved 425984K
}
Event: 35.921 GC heap before
{Heap before GC invocations=43 (full 0):
 garbage-first heap   total 362496K, used 294818K [0x0000000080000000, 0x0000000100000000)
  region size 1024K, 95 young (97280K), 13 survivors (13312K)
 Metaspace       used 111679K, committed 113408K, reserved 557056K
  class space    used 15584K, committed 16448K, reserved 425984K
}
Event: 35.950 GC heap after
{Heap after GC invocations=44 (full 0):
 garbage-first heap   total 362496K, used 220018K [0x0000000080000000, 0x0000000100000000)
  region size 1024K, 10 young (10240K), 10 survivors (10240K)
 Metaspace       used 111679K, committed 113408K, reserved 557056K
  class space    used 15584K, committed 16448K, reserved 425984K
}
Event: 37.121 GC heap before
{Heap before GC invocations=44 (full 0):
 garbage-first heap   total 362496K, used 294770K [0x0000000080000000, 0x0000000100000000)
  region size 1024K, 83 young (84992K), 10 survivors (10240K)
 Metaspace       used 117410K, committed 119232K, reserved 557056K
  class space    used 16361K, committed 17280K, reserved 425984K
}
Event: 37.149 GC heap after
{Heap after GC invocations=45 (full 0):
 garbage-first heap   total 432128K, used 225358K [0x0000000080000000, 0x0000000100000000)
  region size 1024K, 6 young (6144K), 6 survivors (6144K)
 Metaspace       used 117410K, committed 119232K, reserved 557056K
  class space    used 16361K, committed 17280K, reserved 425984K
}
Event: 39.186 GC heap before
{Heap before GC invocations=45 (full 0):
 garbage-first heap   total 432128K, used 352334K [0x0000000080000000, 0x0000000100000000)
  region size 1024K, 130 young (133120K), 6 survivors (6144K)
 Metaspace       used 119539K, committed 121408K, reserved 557056K
  class space    used 16605K, committed 17536K, reserved 425984K
}
Event: 39.226 GC heap after
{Heap after GC invocations=46 (full 0):
 garbage-first heap   total 432128K, used 242993K [0x0000000080000000, 0x0000000100000000)
  region size 1024K, 17 young (17408K), 17 survivors (17408K)
 Metaspace       used 119539K, committed 121408K, reserved 557056K
  class space    used 16605K, committed 17536K, reserved 425984K
}
Event: 40.120 GC heap before
{Heap before GC invocations=46 (full 0):
 garbage-first heap   total 432128K, used 318769K [0x0000000080000000, 0x0000000100000000)
  region size 1024K, 93 young (95232K), 17 survivors (17408K)
 Metaspace       used 121400K, committed 123200K, reserved 557056K
  class space    used 16764K, committed 17664K, reserved 425984K
}
Event: 40.161 GC heap after
{Heap after GC invocations=47 (full 0):
 garbage-first heap   total 432128K, used 253698K [0x0000000080000000, 0x0000000100000000)
  region size 1024K, 10 young (10240K), 10 survivors (10240K)
 Metaspace       used 121400K, committed 123200K, reserved 557056K
  class space    used 16764K, committed 17664K, reserved 425984K
}

